********************************************************************************
*                    Monday, September 25, 2017 3:37:46 AM                     *
********************************************************************************
CSharpCompilerWrapper.exe version: 2.0.3.30
Platform: Windows
Target assembly: Assembly-CSharp.dll
Project directory: D:\Unity\Projs\TetrisUnity
Target profile directory: D:\Unity\Editor\Data\Mono\lib\mono\unity
Unity 'Data' or 'Frameworks' directory: D:/Unity/Editor/Data
Compiler: Microsoft C# 7.0

- Compilation -----------------------------------------------

Process: D:\Unity\Projs\TetrisUnity\CSharp70Support\Roslyn\csc.exe
Arguments: -nostdlib+ -noconfig -nologo -r:"D:\Unity\Editor\Data\Mono\lib\mono\unity\mscorlib.dll" -r:"D:\Unity\Editor\Data\Mono\lib\mono\unity\System.dll" -r:"D:\Unity\Editor\Data\Mono\lib\mono\unity\System.Core.dll" -r:"D:\Unity\Editor\Data\Mono\lib\mono\unity\System.Xml.dll" @Temp/UnityTempFile-98c8ae950995199499e76232df54b26c 
Exit code: 0
Elapsed time: 1.65 sec

- Compiler output (0 lines):

- Compiler errors (0 lines):

- PDB to MDB conversion --------------------------------------

Process: D:\Unity\Projs\TetrisUnity\CSharp70Support\Roslyn\pdb2mdb.exe
Arguments: Temp\Assembly-CSharp.dll
Exit code: 0
Elapsed time: 0.18 sec

- pdb2mdb.exe output (0 lines):
********************************************************************************
*                    Monday, September 25, 2017 3:37:48 AM                     *
********************************************************************************
CSharpCompilerWrapper.exe version: 2.0.3.30
Platform: Windows
Target assembly: Assembly-CSharp-Editor.dll
Project directory: D:\Unity\Projs\TetrisUnity
Target profile directory: D:\Unity\Editor\Data\Mono\lib\mono\2.0
Unity 'Data' or 'Frameworks' directory: D:/Unity/Editor/Data
Compiler: Microsoft C# 7.0

- Compilation -----------------------------------------------

Process: D:\Unity\Projs\TetrisUnity\CSharp70Support\Roslyn\csc.exe
Arguments: -nostdlib+ -noconfig -nologo -r:"D:\Unity\Editor\Data\Mono\lib\mono\2.0\mscorlib.dll" -r:"D:\Unity\Editor\Data\Mono\lib\mono\2.0\System.dll" -r:"D:\Unity\Editor\Data\Mono\lib\mono\2.0\System.Core.dll" -r:"D:\Unity\Editor\Data\Mono\lib\mono\2.0\System.Xml.dll" @Temp/UnityTempFile-b7c0a8b8794d0264a9030eeddad12e53 
Exit code: 0
Elapsed time: 0.83 sec

- Compiler output (0 lines):

- Compiler errors (0 lines):

- PDB to MDB conversion --------------------------------------

Process: D:\Unity\Projs\TetrisUnity\CSharp70Support\Roslyn\pdb2mdb.exe
Arguments: Temp\Assembly-CSharp-Editor.dll
Exit code: 0
Elapsed time: 0.10 sec

- pdb2mdb.exe output (0 lines):
********************************************************************************
*                    Monday, September 25, 2017 3:38:11 AM                     *
********************************************************************************
CSharpCompilerWrapper.exe version: 2.0.3.30
Platform: Windows
Target assembly: Assembly-CSharp.dll
Project directory: D:\Unity\Projs\TetrisUnity
Target profile directory: D:\Unity\Editor\Data\Mono\lib\mono\unity
Unity 'Data' or 'Frameworks' directory: D:/Unity/Editor/Data
Compiler: Microsoft C# 7.0

- Compilation -----------------------------------------------

Process: D:\Unity\Projs\TetrisUnity\CSharp70Support\Roslyn\csc.exe
Arguments: -nostdlib+ -noconfig -nologo -r:"D:\Unity\Editor\Data\Mono\lib\mono\unity\mscorlib.dll" -r:"D:\Unity\Editor\Data\Mono\lib\mono\unity\System.dll" -r:"D:\Unity\Editor\Data\Mono\lib\mono\unity\System.Core.dll" -r:"D:\Unity\Editor\Data\Mono\lib\mono\unity\System.Xml.dll" @Temp/UnityTempFile-c97bdefd074bf3b49bd45572c58bbbeb 
Exit code: 0
Elapsed time: 1.42 sec

- Compiler output (0 lines):

- Compiler errors (0 lines):

- PDB to MDB conversion --------------------------------------

Process: D:\Unity\Projs\TetrisUnity\CSharp70Support\Roslyn\pdb2mdb.exe
Arguments: Temp\Assembly-CSharp.dll
Exit code: 0
Elapsed time: 0.12 sec

- pdb2mdb.exe output (0 lines):
********************************************************************************
*                    Monday, September 25, 2017 3:38:17 AM                     *
********************************************************************************
CSharpCompilerWrapper.exe version: 2.0.3.30
Platform: Windows
Target assembly: Assembly-CSharp.dll
Project directory: D:\Unity\Projs\TetrisUnity
Target profile directory: D:\Unity\Editor\Data\Mono\lib\mono\unity
Unity 'Data' or 'Frameworks' directory: D:/Unity/Editor/Data
Compiler: Microsoft C# 7.0

- Compilation -----------------------------------------------

Process: D:\Unity\Projs\TetrisUnity\CSharp70Support\Roslyn\csc.exe
Arguments: -nostdlib+ -noconfig -nologo -r:"D:\Unity\Editor\Data\Mono\lib\mono\unity\mscorlib.dll" -r:"D:\Unity\Editor\Data\Mono\lib\mono\unity\System.dll" -r:"D:\Unity\Editor\Data\Mono\lib\mono\unity\System.Core.dll" -r:"D:\Unity\Editor\Data\Mono\lib\mono\unity\System.Xml.dll" @Temp/UnityTempFile-5d1ed90257a31394db3f55764170b2a3 
Exit code: 0
Elapsed time: 1.96 sec

- Compiler output (0 lines):

- Compiler errors (0 lines):

- PDB to MDB conversion --------------------------------------

Process: D:\Unity\Projs\TetrisUnity\CSharp70Support\Roslyn\pdb2mdb.exe
Arguments: Temp\Assembly-CSharp.dll
Exit code: 0
Elapsed time: 0.12 sec

- pdb2mdb.exe output (0 lines):
********************************************************************************
*                    Monday, September 25, 2017 3:38:19 AM                     *
********************************************************************************
CSharpCompilerWrapper.exe version: 2.0.3.30
Platform: Windows
Target assembly: Assembly-CSharp-Editor.dll
Project directory: D:\Unity\Projs\TetrisUnity
Target profile directory: D:\Unity\Editor\Data\Mono\lib\mono\2.0
Unity 'Data' or 'Frameworks' directory: D:/Unity/Editor/Data
Compiler: Microsoft C# 7.0

- Compilation -----------------------------------------------

Process: D:\Unity\Projs\TetrisUnity\CSharp70Support\Roslyn\csc.exe
Arguments: -nostdlib+ -noconfig -nologo -r:"D:\Unity\Editor\Data\Mono\lib\mono\2.0\mscorlib.dll" -r:"D:\Unity\Editor\Data\Mono\lib\mono\2.0\System.dll" -r:"D:\Unity\Editor\Data\Mono\lib\mono\2.0\System.Core.dll" -r:"D:\Unity\Editor\Data\Mono\lib\mono\2.0\System.Xml.dll" @Temp/UnityTempFile-582e49a64faa980499fd84efc0c92c7b 
Exit code: 0
Elapsed time: 0.88 sec

- Compiler output (0 lines):

- Compiler errors (0 lines):

- PDB to MDB conversion --------------------------------------

Process: D:\Unity\Projs\TetrisUnity\CSharp70Support\Roslyn\pdb2mdb.exe
Arguments: Temp\Assembly-CSharp-Editor.dll
Exit code: 0
Elapsed time: 0.10 sec

- pdb2mdb.exe output (0 lines):
********************************************************************************
*                    Monday, September 25, 2017 3:39:58 AM                     *
********************************************************************************
CSharpCompilerWrapper.exe version: 2.0.3.30
Platform: Windows
Target assembly: Assembly-CSharp.dll
Project directory: D:\Unity\Projs\TetrisUnity
Target profile directory: D:\Unity\Editor\Data\Mono\lib\mono\unity
Unity 'Data' or 'Frameworks' directory: D:/Unity/Editor/Data
Compiler: Microsoft C# 7.0

- Compilation -----------------------------------------------

Process: D:\Unity\Projs\TetrisUnity\CSharp70Support\Roslyn\csc.exe
Arguments: -nostdlib+ -noconfig -nologo -r:"D:\Unity\Editor\Data\Mono\lib\mono\unity\mscorlib.dll" -r:"D:\Unity\Editor\Data\Mono\lib\mono\unity\System.dll" -r:"D:\Unity\Editor\Data\Mono\lib\mono\unity\System.Core.dll" -r:"D:\Unity\Editor\Data\Mono\lib\mono\unity\System.Xml.dll" @Temp/UnityTempFile-747a149bd6df4274db0183ac509aa6c3 
Exit code: 0
Elapsed time: 1.59 sec

- Compiler output (0 lines):

- Compiler errors (0 lines):

- PDB to MDB conversion --------------------------------------

Process: D:\Unity\Projs\TetrisUnity\CSharp70Support\Roslyn\pdb2mdb.exe
Arguments: Temp\Assembly-CSharp.dll
Exit code: 0
Elapsed time: 0.18 sec

- pdb2mdb.exe output (0 lines):
********************************************************************************
*                    Monday, September 25, 2017 3:40:00 AM                     *
********************************************************************************
CSharpCompilerWrapper.exe version: 2.0.3.30
Platform: Windows
Target assembly: Assembly-CSharp-Editor.dll
Project directory: D:\Unity\Projs\TetrisUnity
Target profile directory: D:\Unity\Editor\Data\Mono\lib\mono\2.0
Unity 'Data' or 'Frameworks' directory: D:/Unity/Editor/Data
Compiler: Microsoft C# 7.0

- Compilation -----------------------------------------------

Process: D:\Unity\Projs\TetrisUnity\CSharp70Support\Roslyn\csc.exe
Arguments: -nostdlib+ -noconfig -nologo -r:"D:\Unity\Editor\Data\Mono\lib\mono\2.0\mscorlib.dll" -r:"D:\Unity\Editor\Data\Mono\lib\mono\2.0\System.dll" -r:"D:\Unity\Editor\Data\Mono\lib\mono\2.0\System.Core.dll" -r:"D:\Unity\Editor\Data\Mono\lib\mono\2.0\System.Xml.dll" @Temp/UnityTempFile-af683f4227c4a0144b0c8dfcefcced59 
Exit code: 0
Elapsed time: 0.94 sec

- Compiler output (0 lines):

- Compiler errors (0 lines):

- PDB to MDB conversion --------------------------------------

Process: D:\Unity\Projs\TetrisUnity\CSharp70Support\Roslyn\pdb2mdb.exe
Arguments: Temp\Assembly-CSharp-Editor.dll
Exit code: 0
Elapsed time: 0.07 sec

- pdb2mdb.exe output (0 lines):
********************************************************************************
*                    Monday, September 25, 2017 3:40:13 AM                     *
********************************************************************************
CSharpCompilerWrapper.exe version: 2.0.3.30
Platform: Windows
Target assembly: Assembly-CSharp.dll
Project directory: D:\Unity\Projs\TetrisUnity
Target profile directory: D:\Unity\Editor\Data\Mono\lib\mono\unity
Unity 'Data' or 'Frameworks' directory: D:/Unity/Editor/Data
Compiler: Microsoft C# 7.0

- Compilation -----------------------------------------------

Process: D:\Unity\Projs\TetrisUnity\CSharp70Support\Roslyn\csc.exe
Arguments: -nostdlib+ -noconfig -nologo -r:"D:\Unity\Editor\Data\Mono\lib\mono\unity\mscorlib.dll" -r:"D:\Unity\Editor\Data\Mono\lib\mono\unity\System.dll" -r:"D:\Unity\Editor\Data\Mono\lib\mono\unity\System.Core.dll" -r:"D:\Unity\Editor\Data\Mono\lib\mono\unity\System.Xml.dll" @Temp/UnityTempFile-81e104232c4a771499f812ec84a82a38 
Exit code: 0
Elapsed time: 1.41 sec

- Compiler output (0 lines):

- Compiler errors (0 lines):

- PDB to MDB conversion --------------------------------------

Process: D:\Unity\Projs\TetrisUnity\CSharp70Support\Roslyn\pdb2mdb.exe
Arguments: Temp\Assembly-CSharp.dll
Exit code: 0
Elapsed time: 0.09 sec

- pdb2mdb.exe output (0 lines):
********************************************************************************
*                    Monday, September 25, 2017 3:40:17 AM                     *
********************************************************************************
CSharpCompilerWrapper.exe version: 2.0.3.30
Platform: Windows
Target assembly: Assembly-CSharp.dll
Project directory: D:\Unity\Projs\TetrisUnity
Target profile directory: D:\Unity\Editor\Data\Mono\lib\mono\unity
Unity 'Data' or 'Frameworks' directory: D:/Unity/Editor/Data
Compiler: Microsoft C# 7.0

- Compilation -----------------------------------------------

Process: D:\Unity\Projs\TetrisUnity\CSharp70Support\Roslyn\csc.exe
Arguments: -nostdlib+ -noconfig -nologo -r:"D:\Unity\Editor\Data\Mono\lib\mono\unity\mscorlib.dll" -r:"D:\Unity\Editor\Data\Mono\lib\mono\unity\System.dll" -r:"D:\Unity\Editor\Data\Mono\lib\mono\unity\System.Core.dll" -r:"D:\Unity\Editor\Data\Mono\lib\mono\unity\System.Xml.dll" @Temp/UnityTempFile-0761e50c4937f8d42899ac0ccc17b5ca 
Exit code: 0
Elapsed time: 2.10 sec

- Compiler output (0 lines):

- Compiler errors (0 lines):

- PDB to MDB conversion --------------------------------------

Process: D:\Unity\Projs\TetrisUnity\CSharp70Support\Roslyn\pdb2mdb.exe
Arguments: Temp\Assembly-CSharp.dll
Exit code: 0
Elapsed time: 0.12 sec

- pdb2mdb.exe output (0 lines):
********************************************************************************
*                    Monday, September 25, 2017 3:40:20 AM                     *
********************************************************************************
CSharpCompilerWrapper.exe version: 2.0.3.30
Platform: Windows
Target assembly: Assembly-CSharp-Editor.dll
Project directory: D:\Unity\Projs\TetrisUnity
Target profile directory: D:\Unity\Editor\Data\Mono\lib\mono\2.0
Unity 'Data' or 'Frameworks' directory: D:/Unity/Editor/Data
Compiler: Microsoft C# 7.0

- Compilation -----------------------------------------------

Process: D:\Unity\Projs\TetrisUnity\CSharp70Support\Roslyn\csc.exe
Arguments: -nostdlib+ -noconfig -nologo -r:"D:\Unity\Editor\Data\Mono\lib\mono\2.0\mscorlib.dll" -r:"D:\Unity\Editor\Data\Mono\lib\mono\2.0\System.dll" -r:"D:\Unity\Editor\Data\Mono\lib\mono\2.0\System.Core.dll" -r:"D:\Unity\Editor\Data\Mono\lib\mono\2.0\System.Xml.dll" @Temp/UnityTempFile-87584f7e812f7164d9a924acab87a98b 
Exit code: 0
Elapsed time: 0.87 sec

- Compiler output (0 lines):

- Compiler errors (0 lines):

- PDB to MDB conversion --------------------------------------

Process: D:\Unity\Projs\TetrisUnity\CSharp70Support\Roslyn\pdb2mdb.exe
Arguments: Temp\Assembly-CSharp-Editor.dll
Exit code: 0
Elapsed time: 0.08 sec

- pdb2mdb.exe output (0 lines):
********************************************************************************
*                    Monday, September 25, 2017 3:40:53 AM                     *
********************************************************************************
CSharpCompilerWrapper.exe version: 2.0.3.30
Platform: Windows
Target assembly: Assembly-CSharp.dll
Project directory: D:\Unity\Projs\TetrisUnity
Target profile directory: D:\Unity\Editor\Data\Mono\lib\mono\unity
Unity 'Data' or 'Frameworks' directory: D:/Unity/Editor/Data
Compiler: Microsoft C# 7.0

- Compilation -----------------------------------------------

Process: D:\Unity\Projs\TetrisUnity\CSharp70Support\Roslyn\csc.exe
Arguments: -nostdlib+ -noconfig -nologo -r:"D:\Unity\Editor\Data\Mono\lib\mono\unity\mscorlib.dll" -r:"D:\Unity\Editor\Data\Mono\lib\mono\unity\System.dll" -r:"D:\Unity\Editor\Data\Mono\lib\mono\unity\System.Core.dll" -r:"D:\Unity\Editor\Data\Mono\lib\mono\unity\System.Xml.dll" @Temp/UnityTempFile-17e6521f46ec1d04598c3ddf4ededafc 
Exit code: 0
Elapsed time: 1.40 sec

- Compiler output (0 lines):

- Compiler errors (0 lines):

- PDB to MDB conversion --------------------------------------

Process: D:\Unity\Projs\TetrisUnity\CSharp70Support\Roslyn\pdb2mdb.exe
Arguments: Temp\Assembly-CSharp.dll
Exit code: 0
Elapsed time: 0.10 sec

- pdb2mdb.exe output (0 lines):
********************************************************************************
*                    Monday, September 25, 2017 3:40:58 AM                     *
********************************************************************************
CSharpCompilerWrapper.exe version: 2.0.3.30
Platform: Windows
Target assembly: Assembly-CSharp.dll
Project directory: D:\Unity\Projs\TetrisUnity
Target profile directory: D:\Unity\Editor\Data\Mono\lib\mono\unity
Unity 'Data' or 'Frameworks' directory: D:/Unity/Editor/Data
Compiler: Microsoft C# 7.0

- Compilation -----------------------------------------------

Process: D:\Unity\Projs\TetrisUnity\CSharp70Support\Roslyn\csc.exe
Arguments: -nostdlib+ -noconfig -nologo -r:"D:\Unity\Editor\Data\Mono\lib\mono\unity\mscorlib.dll" -r:"D:\Unity\Editor\Data\Mono\lib\mono\unity\System.dll" -r:"D:\Unity\Editor\Data\Mono\lib\mono\unity\System.Core.dll" -r:"D:\Unity\Editor\Data\Mono\lib\mono\unity\System.Xml.dll" @Temp/UnityTempFile-c15d4109ee0b5b84ca92cdb4e82c66bf 
Exit code: 0
Elapsed time: 2.04 sec

- Compiler output (0 lines):

- Compiler errors (0 lines):

- PDB to MDB conversion --------------------------------------

Process: D:\Unity\Projs\TetrisUnity\CSharp70Support\Roslyn\pdb2mdb.exe
Arguments: Temp\Assembly-CSharp.dll
Exit code: 0
Elapsed time: 0.16 sec

- pdb2mdb.exe output (0 lines):
********************************************************************************
*                    Monday, September 25, 2017 3:41:01 AM                     *
********************************************************************************
CSharpCompilerWrapper.exe version: 2.0.3.30
Platform: Windows
Target assembly: Assembly-CSharp-Editor.dll
Project directory: D:\Unity\Projs\TetrisUnity
Target profile directory: D:\Unity\Editor\Data\Mono\lib\mono\2.0
Unity 'Data' or 'Frameworks' directory: D:/Unity/Editor/Data
Compiler: Microsoft C# 7.0

- Compilation -----------------------------------------------

Process: D:\Unity\Projs\TetrisUnity\CSharp70Support\Roslyn\csc.exe
Arguments: -nostdlib+ -noconfig -nologo -r:"D:\Unity\Editor\Data\Mono\lib\mono\2.0\mscorlib.dll" -r:"D:\Unity\Editor\Data\Mono\lib\mono\2.0\System.dll" -r:"D:\Unity\Editor\Data\Mono\lib\mono\2.0\System.Core.dll" -r:"D:\Unity\Editor\Data\Mono\lib\mono\2.0\System.Xml.dll" @Temp/UnityTempFile-920c521930cef5f468db93fa3b8ad48d 
Exit code: 0
Elapsed time: 0.84 sec

- Compiler output (0 lines):

- Compiler errors (0 lines):

- PDB to MDB conversion --------------------------------------

Process: D:\Unity\Projs\TetrisUnity\CSharp70Support\Roslyn\pdb2mdb.exe
Arguments: Temp\Assembly-CSharp-Editor.dll
Exit code: 0
Elapsed time: 0.07 sec

- pdb2mdb.exe output (0 lines):
